Removed Pin From Net: NetName=NetP?_1 Pin=U?-J3-1
Removed Pin From Net: NetName=NetP?_3 Pin=U?-J3-3
Removed Pin From Net: NetName=NetP?_4 Pin=U?-J3-4
Removed Pin From Net: NetName=NetP?_9 Pin=U?-J3-9
Removed Pin From Net: NetName=NetP?_10 Pin=U?-J3-10
Removed Pin From Net: NetName=NetP?_12 Pin=U?-J3-12
Removed Pin From Net: NetName=NetP?_13 Pin=U?-J3-13
Removed Pin From Net: NetName=NetP?_14 Pin=U?-J3-14
Removed Pin From Net: NetName=NetP?_15 Pin=U?-J3-15
Removed Pin From Net: NetName=NetP?_18 Pin=U?-J3-18
Added Component: Designator=P?(HDR1X19)
Add component (AddParameter): Name = "LatestRevisionDate"; Value = "17-Jul-2002"; VariantName = "[No Variations]"
Add component (AddParameter): Name = "LatestRevisionNote"; Value = "Re-released for DXP Platform."; VariantName = "[No Variations]"
Add component (AddParameter): Name = "Publisher"; Value = "Altium Limited"; VariantName = "[No Variations]"
Added Component: Designator=P?(HDR1X19)
Add component (AddParameter): Name = "LatestRevisionDate"; Value = "17-Jul-2002"; VariantName = "[No Variations]"
Add component (AddParameter): Name = "LatestRevisionNote"; Value = "Re-released for DXP Platform."; VariantName = "[No Variations]"
Add component (AddParameter): Name = "Publisher"; Value = "Altium Limited"; VariantName = "[No Variations]"
Added Pin To Net: NetName=NetP?_1 Pin=P?-1
Added Pin To Net: NetName=NetP?_2 Pin=P?-2
Added Pin To Net: NetName=NetP?_3 Pin=P?-3
Added Pin To Net: NetName=NetP?_4 Pin=P?-4
Added Pin To Net: NetName=NetP?_5 Pin=P?-5
Added Pin To Net: NetName=NetP?_6 Pin=P?-6
Added Pin To Net: NetName=NetP?_7 Pin=P?-7
Added Pin To Net: NetName=NetP?_8 Pin=P?-8
Added Pin To Net: NetName=NetP?_9 Pin=P?-9
Added Pin To Net: NetName=NetP?_10 Pin=P?-10
Added Pin To Net: NetName=NetP?_11 Pin=P?-11
Added Pin To Net: NetName=NetP?_12 Pin=P?-12
Added Pin To Net: NetName=NetP?_13 Pin=P?-13
Added Pin To Net: NetName=NetP?_14 Pin=P?-14
Added Pin To Net: NetName=NetP?_15 Pin=P?-15
Added Pin To Net: NetName=NetP?_16 Pin=P?-16
Added Pin To Net: NetName=NetP?_17 Pin=P?-17
Added Pin To Net: NetName=NetP?_18 Pin=P?-18
Added Pin To Net: NetName=NetP?_19 Pin=P?-19
Added Pin To Net: NetName=NetP?_18 Pin=U?-J2-2
Added Pin To Net: NetName=NetP?_15 Pin=U?-J2-5
Added Pin To Net: NetName=NetP?_14 Pin=U?-J2-6
Added Pin To Net: NetName=NetP?_13 Pin=U?-J2-7
Added Pin To Net: NetName=NetP?_12 Pin=U?-J2-8
Added Pin To Net: NetName=NetP?_10 Pin=U?-J2-10
Added Pin To Net: NetName=NetP?_9 Pin=U?-J2-11
Added Pin To Net: NetName=NetP?_4 Pin=U?-J2-16
Added Pin To Net: NetName=NetP?_3 Pin=U?-J2-17
Added Pin To Net: NetName=NetP?_1 Pin=U?-J2-19
Add Net: Net with name "NetP?_1" already exists
Add Net: Net with name "NetP?_2" already exists
Add Net: Net with name "NetP?_3" already exists
Add Net: Net with name "NetP?_4" already exists
Add Net: Net with name "NetP?_5" already exists
Add Net: Net with name "NetP?_6" already exists
Add Net: Net with name "NetP?_7" already exists
Add Net: Net with name "NetP?_8" already exists
Add Net: Net with name "NetP?_9" already exists
Add Net: Net with name "NetP?_10" already exists
Add Net: Net with name "NetP?_11" already exists
Add Net: Net with name "NetP?_12" already exists
Add Net: Net with name "NetP?_13" already exists
Add Net: Net with name "NetP?_14" already exists
Add Net: Net with name "NetP?_15" already exists
Add Net: Net with name "NetP?_16" already exists
Add Net: Net with name "NetP?_17" already exists
Add Net: Net with name "NetP?_18" already exists
Add Net: Net with name "NetP?_19" already exists
Added Member To Class: ClassName=Schematics Member=Component P? Header 19
Added Member To Class: ClassName=Schematics Member=Component P? Header 19
